C:\USERS\ROBERT\PROJEKTE\FUNKASM\FUNKCOMPILER\DEBUG\AST.OBJ
C:\USERS\ROBERT\PROJEKTE\FUNKASM\FUNKCOMPILER\DEBUG\COMPILER.OBJ
C:\USERS\ROBERT\PROJEKTE\FUNKASM\FUNKCOMPILER\DEBUG\GRAMMAR.TAB.OBJ
C:\USERS\ROBERT\PROJEKTE\FUNKASM\FUNKCOMPILER\DEBUG\LEXER.FLEX.OBJ
C:\USERS\ROBERT\PROJEKTE\FUNKASM\FUNKCOMPILER\DEBUG\MAIN.OBJ
C:\USERS\ROBERT\PROJEKTE\FUNKASM\FUNKCOMPILER\DEBUG\PRINT.OBJ
C:\USERS\ROBERT\PROJEKTE\FUNKASM\FUNKCOMPILER\DEBUG\VC110.PDB
C:\Users\Robert\Projekte\FunkAsm\FunkCompiler\Grammar.tab.cpp
C:\Users\Robert\Projekte\FunkAsm\FunkCompiler\Lexer.flex.cpp
C:\Users\Robert\Projekte\FunkAsm\FunkCompiler\Debug\AST.obj
C:\Users\Robert\Projekte\FunkAsm\FunkCompiler\Debug\Compiler.obj
C:\Users\Robert\Projekte\FunkAsm\FunkCompiler\Debug\Grammar.tab.obj
C:\Users\Robert\Projekte\FunkAsm\FunkCompiler\Debug\Lexer.flex.obj
C:\Users\Robert\Projekte\FunkAsm\FunkCompiler\Debug\Main.obj
C:\Users\Robert\Projekte\FunkAsm\FunkCompiler\Debug\Print.obj
C:\Users\Robert\Projekte\FunkAsm\FunkCompiler\Debug\cl.command.1.tlog
C:\Users\Robert\Projekte\FunkAsm\FunkCompiler\Debug\CL.read.1.tlog
C:\Users\Robert\Projekte\FunkAsm\FunkCompiler\Debug\CL.write.1.tlog
C:\Users\Robert\Projekte\FunkAsm\FunkCompiler\Debug\FunkCompiler.write.1.tlog
C:\Users\Robert\Projekte\FunkAsm\FunkCompiler\Debug\link-cvtres.read.1.tlog
C:\Users\Robert\Projekte\FunkAsm\FunkCompiler\Debug\link-cvtres.write.1.tlog
C:\Users\Robert\Projekte\FunkAsm\FunkCompiler\Debug\link-rc.read.1.tlog
C:\Users\Robert\Projekte\FunkAsm\FunkCompiler\Debug\link-rc.write.1.tlog
C:\Users\Robert\Projekte\FunkAsm\FunkCompiler\Debug\link.command.1.tlog
C:\Users\Robert\Projekte\FunkAsm\FunkCompiler\Debug\link.read.1.tlog
C:\Users\Robert\Projekte\FunkAsm\FunkCompiler\Debug\link.write.1.tlog
C:\Users\Robert\Projekte\FunkAsm\FunkCompiler\Debug\vc110.idb
C:\Users\Robert\Projekte\FunkAsm\FunkCompiler\Debug\vc110.pdb
C:\Users\Robert\Projekte\FunkAsm\Debug\FunkCompiler.pdb
