  Grammar.tab.cpp
c:\users\robert\projekte\funkasm\funkcompiler\grammar.tab.cpp(723): warning C4065: switch-Anweisung enthält 'default', aber keine case-Marken
c:\users\robert\projekte\funkasm\funkcompiler\grammar.tab.cpp(1118): warning C4065: switch-Anweisung enthält 'default', aber keine case-Marken
c:\users\robert\projekte\funkasm\funkcompiler\grammar.y(95): error C2228: Links von ".Extend" muss sich eine Klasse/Struktur/Union befinden.
          Typ ist 'Node *'
          Wollten Sie stattdessen '->' verwenden?
c:\users\robert\projekte\funkasm\funkcompiler\grammar.y(96): error C2228: Links von ".Extend" muss sich eine Klasse/Struktur/Union befinden.
          Typ ist 'Node *'
          Wollten Sie stattdessen '->' verwenden?
c:\users\robert\projekte\funkasm\funkcompiler\grammar.y(105): error C2664: 'FunctionNode::FunctionNode(const FunctionNode &)': Konvertierung des Parameters 1 von 'Node *' in 'const FunctionNode &' nicht möglich
          Ursache: Konvertierung von 'Node *' in 'const FunctionNode' nicht möglich
          Quelltyp konnte von keinem Konstruktor angenommen werden, oder die Überladungsauflösung des Konstruktors ist mehrdeutig
c:\users\robert\projekte\funkasm\funkcompiler\grammar.y(112): error C2664: 'ParametersNode::ParametersNode(const ParametersNode &)': Konvertierung des Parameters 1 von 'Node *' in 'const ParametersNode &' nicht möglich
          Ursache: Konvertierung von 'Node *' in 'const ParametersNode' nicht möglich
          Quelltyp konnte von keinem Konstruktor angenommen werden, oder die Überladungsauflösung des Konstruktors ist mehrdeutig
c:\users\robert\projekte\funkasm\funkcompiler\grammar.y(113): error C2228: Links von ".Extend" muss sich eine Klasse/Struktur/Union befinden.
          Typ ist 'Node *'
          Wollten Sie stattdessen '->' verwenden?
c:\users\robert\projekte\funkasm\funkcompiler\grammar.y(117): error C2664: 'ModuleNode::ModuleNode(NameNode *)': Konvertierung des Parameters 1 von 'Node *' in 'NameNode *' nicht möglich
          Die Typen, auf die verwiesen wird, sind nicht verknüpft; die Konvertierung erfordert einen reinterpret_cast-Operator oder eine Typumwandlung im C- oder Funktionsformat.
c:\users\robert\projekte\funkasm\funkcompiler\grammar.y(121): error C2664: 'NameNode::NameNode(std::string)': Konvertierung des Parameters 1 von 'Node *' in 'std::string' nicht möglich
          Quelltyp konnte von keinem Konstruktor angenommen werden, oder die Überladungsauflösung des Konstruktors ist mehrdeutig
  Console.cpp
  Code wird generiert...
c:\users\robert\projekte\funkasm\funkcompiler\console.cpp(63): warning C4715: "CtrlHandler": Nicht alle Steuerelementpfade geben einen Wert zurück.
